0 info it worked if it ends with ok
1 verbose cli [
1 verbose cli   'C:\\Program Files\\nodejs\\node.exe',
1 verbose cli   'C:\\Users\\ashis\\node_modules\\npm\\bin\\npm-cli.js',
1 verbose cli   'install',
1 verbose cli   '--json',
1 verbose cli   '--save-dev',
1 verbose cli   'browserify-zlib@^0.2.0'
1 verbose cli ]
2 info using npm@2.15.12
3 info using node@v20.11.0
4 verbose install initial load of C:\Users\ashis\OneDrive\Desktop\MERN-Summer-PEP\Day19_20\package.json
5 warn package.json day19@1.0.0 No description
6 warn package.json day19@1.0.0 No repository field.
7 warn package.json day19@1.0.0 No README data
8 verbose installManyTop reading scoped package data from C:\Users\ashis\OneDrive\Desktop\MERN-Summer-PEP\Day19_20\node_modules\abortcontroller-polyfill\package.json
9 verbose installManyTop reading scoped package data from C:\Users\ashis\OneDrive\Desktop\MERN-Summer-PEP\Day19_20\node_modules\ansi-styles\package.json
10 verbose installManyTop reading scoped package data from C:\Users\ashis\OneDrive\Desktop\MERN-Summer-PEP\Day19_20\node_modules\argparse\package.json
11 verbose installManyTop reading scoped package data from C:\Users\ashis\OneDrive\Desktop\MERN-Summer-PEP\Day19_20\node_modules\base-x\package.json
12 verbose installManyTop reading scoped package data from C:\Users\ashis\OneDrive\Desktop\MERN-Summer-PEP\Day19_20\node_modules\boolbase\package.json
13 verbose installManyTop reading scoped package data from C:\Users\ashis\OneDrive\Desktop\MERN-Summer-PEP\Day19_20\node_modules\braces\package.json
14 verbose installManyTop reading scoped package data from C:\Users\ashis\OneDrive\Desktop\MERN-Summer-PEP\Day19_20\node_modules\browserslist\package.json
15 verbose installManyTop reading scoped package data from C:\Users\ashis\OneDrive\Desktop\MERN-Summer-PEP\Day19_20\node_modules\buffer\package.json
16 verbose installManyTop reading scoped package data from C:\Users\ashis\OneDrive\Desktop\MERN-Summer-PEP\Day19_20\node_modules\callsites\package.json
17 verbose installManyTop reading scoped package data from C:\Users\ashis\OneDrive\Desktop\MERN-Summer-PEP\Day19_20\node_modules\caniuse-lite\package.json
18 verbose installManyTop reading scoped package data from C:\Users\ashis\OneDrive\Desktop\MERN-Summer-PEP\Day19_20\node_modules\chalk\package.json
19 verbose installManyTop reading scoped package data from C:\Users\ashis\OneDrive\Desktop\MERN-Summer-PEP\Day19_20\node_modules\chrome-trace-event\package.json
20 verbose installManyTop reading scoped package data from C:\Users\ashis\OneDrive\Desktop\MERN-Summer-PEP\Day19_20\node_modules\clone\package.json
21 verbose installManyTop reading scoped package data from C:\Users\ashis\OneDrive\Desktop\MERN-Summer-PEP\Day19_20\node_modules\color-convert\package.json
22 verbose installManyTop reading scoped package data from C:\Users\ashis\OneDrive\Desktop\MERN-Summer-PEP\Day19_20\node_modules\color-name\package.json
23 verbose installManyTop reading scoped package data from C:\Users\ashis\OneDrive\Desktop\MERN-Summer-PEP\Day19_20\node_modules\commander\package.json
24 verbose installManyTop reading scoped package data from C:\Users\ashis\OneDrive\Desktop\MERN-Summer-PEP\Day19_20\node_modules\cosmiconfig\package.json
25 verbose installManyTop reading scoped package data from C:\Users\ashis\OneDrive\Desktop\MERN-Summer-PEP\Day19_20\node_modules\crypto-browserify\package.json
26 verbose installManyTop reading scoped package data from C:\Users\ashis\OneDrive\Desktop\MERN-Summer-PEP\Day19_20\node_modules\css-select\package.json
27 verbose installManyTop reading scoped package data from C:\Users\ashis\OneDrive\Desktop\MERN-Summer-PEP\Day19_20\node_modules\css-tree\package.json
28 verbose installManyTop reading scoped package data from C:\Users\ashis\OneDrive\Desktop\MERN-Summer-PEP\Day19_20\node_modules\css-what\package.json
29 verbose installManyTop reading scoped package data from C:\Users\ashis\OneDrive\Desktop\MERN-Summer-PEP\Day19_20\node_modules\csso\package.json
30 verbose installManyTop reading scoped package data from C:\Users\ashis\OneDrive\Desktop\MERN-Summer-PEP\Day19_20\node_modules\detect-libc\package.json
31 verbose installManyTop reading scoped package data from C:\Users\ashis\OneDrive\Desktop\MERN-Summer-PEP\Day19_20\node_modules\dom-serializer\package.json
32 verbose installManyTop reading scoped package data from C:\Users\ashis\OneDrive\Desktop\MERN-Summer-PEP\Day19_20\node_modules\domelementtype\package.json
33 verbose installManyTop reading scoped package data from C:\Users\ashis\OneDrive\Desktop\MERN-Summer-PEP\Day19_20\node_modules\domhandler\package.json
34 verbose installManyTop reading scoped package data from C:\Users\ashis\OneDrive\Desktop\MERN-Summer-PEP\Day19_20\node_modules\domutils\package.json
35 verbose installManyTop reading scoped package data from C:\Users\ashis\OneDrive\Desktop\MERN-Summer-PEP\Day19_20\node_modules\dotenv\package.json
36 verbose installManyTop reading scoped package data from C:\Users\ashis\OneDrive\Desktop\MERN-Summer-PEP\Day19_20\node_modules\dotenv-expand\package.json
37 verbose installManyTop reading scoped package data from C:\Users\ashis\OneDrive\Desktop\MERN-Summer-PEP\Day19_20\node_modules\electron-to-chromium\package.json
38 verbose installManyTop reading scoped package data from C:\Users\ashis\OneDrive\Desktop\MERN-Summer-PEP\Day19_20\node_modules\entities\package.json
39 verbose installManyTop reading scoped package data from C:\Users\ashis\OneDrive\Desktop\MERN-Summer-PEP\Day19_20\node_modules\env-paths\package.json
40 verbose installManyTop reading scoped package data from C:\Users\ashis\OneDrive\Desktop\MERN-Summer-PEP\Day19_20\node_modules\error-ex\package.json
41 verbose installManyTop reading scoped package data from C:\Users\ashis\OneDrive\Desktop\MERN-Summer-PEP\Day19_20\node_modules\escalade\package.json
42 verbose installManyTop reading scoped package data from C:\Users\ashis\OneDrive\Desktop\MERN-Summer-PEP\Day19_20\node_modules\escape-string-regexp\package.json
43 verbose installManyTop reading scoped package data from C:\Users\ashis\OneDrive\Desktop\MERN-Summer-PEP\Day19_20\node_modules\events\package.json
44 verbose installManyTop reading scoped package data from C:\Users\ashis\OneDrive\Desktop\MERN-Summer-PEP\Day19_20\node_modules\fill-range\package.json
45 verbose installManyTop reading scoped package data from C:\Users\ashis\OneDrive\Desktop\MERN-Summer-PEP\Day19_20\node_modules\get-port\package.json
46 verbose installManyTop reading scoped package data from C:\Users\ashis\OneDrive\Desktop\MERN-Summer-PEP\Day19_20\node_modules\globals\package.json
47 verbose installManyTop reading scoped package data from C:\Users\ashis\OneDrive\Desktop\MERN-Summer-PEP\Day19_20\node_modules\has-flag\package.json
48 verbose installManyTop reading scoped package data from C:\Users\ashis\OneDrive\Desktop\MERN-Summer-PEP\Day19_20\node_modules\htmlnano\package.json
49 verbose installManyTop reading scoped package data from C:\Users\ashis\OneDrive\Desktop\MERN-Summer-PEP\Day19_20\node_modules\htmlparser2\package.json
50 verbose installManyTop reading scoped package data from C:\Users\ashis\OneDrive\Desktop\MERN-Summer-PEP\Day19_20\node_modules\import-fresh\package.json
51 verbose installManyTop reading scoped package data from C:\Users\ashis\OneDrive\Desktop\MERN-Summer-PEP\Day19_20\node_modules\is-arrayish\package.json
52 verbose installManyTop reading scoped package data from C:\Users\ashis\OneDrive\Desktop\MERN-Summer-PEP\Day19_20\node_modules\is-extglob\package.json
53 verbose installManyTop reading scoped package data from C:\Users\ashis\OneDrive\Desktop\MERN-Summer-PEP\Day19_20\node_modules\is-glob\package.json
54 verbose installManyTop reading scoped package data from C:\Users\ashis\OneDrive\Desktop\MERN-Summer-PEP\Day19_20\node_modules\is-json\package.json
55 verbose installManyTop reading scoped package data from C:\Users\ashis\OneDrive\Desktop\MERN-Summer-PEP\Day19_20\node_modules\is-number\package.json
56 verbose installManyTop reading scoped package data from C:\Users\ashis\OneDrive\Desktop\MERN-Summer-PEP\Day19_20\node_modules\js-tokens\package.json
57 verbose installManyTop reading scoped package data from C:\Users\ashis\OneDrive\Desktop\MERN-Summer-PEP\Day19_20\node_modules\js-yaml\package.json
58 verbose installManyTop reading scoped package data from C:\Users\ashis\OneDrive\Desktop\MERN-Summer-PEP\Day19_20\node_modules\json-parse-even-better-errors\package.json
59 verbose installManyTop reading scoped package data from C:\Users\ashis\OneDrive\Desktop\MERN-Summer-PEP\Day19_20\node_modules\json5\package.json
60 verbose installManyTop reading scoped package data from C:\Users\ashis\OneDrive\Desktop\MERN-Summer-PEP\Day19_20\node_modules\lightningcss\package.json
61 verbose installManyTop reading scoped package data from C:\Users\ashis\OneDrive\Desktop\MERN-Summer-PEP\Day19_20\node_modules\lightningcss-win32-x64-msvc\package.json
62 verbose installManyTop reading scoped package data from C:\Users\ashis\OneDrive\Desktop\MERN-Summer-PEP\Day19_20\node_modules\lines-and-columns\package.json
63 verbose installManyTop reading scoped package data from C:\Users\ashis\OneDrive\Desktop\MERN-Summer-PEP\Day19_20\node_modules\lmdb\package.json
64 verbose installManyTop reading scoped package data from C:\Users\ashis\OneDrive\Desktop\MERN-Summer-PEP\Day19_20\node_modules\loose-envify\package.json
65 verbose installManyTop reading scoped package data from C:\Users\ashis\OneDrive\Desktop\MERN-Summer-PEP\Day19_20\node_modules\mdn-data\package.json
66 verbose installManyTop reading scoped package data from C:\Users\ashis\OneDrive\Desktop\MERN-Summer-PEP\Day19_20\node_modules\micromatch\package.json
67 verbose installManyTop reading scoped package data from C:\Users\ashis\OneDrive\Desktop\MERN-Summer-PEP\Day19_20\node_modules\msgpackr\package.json
68 verbose installManyTop reading scoped package data from C:\Users\ashis\OneDrive\Desktop\MERN-Summer-PEP\Day19_20\node_modules\msgpackr-extract\package.json
69 verbose installManyTop reading scoped package data from C:\Users\ashis\OneDrive\Desktop\MERN-Summer-PEP\Day19_20\node_modules\node-addon-api\package.json
70 verbose installManyTop reading scoped package data from C:\Users\ashis\OneDrive\Desktop\MERN-Summer-PEP\Day19_20\node_modules\node-gyp-build-optional-packages\package.json
71 verbose installManyTop reading scoped package data from C:\Users\ashis\OneDrive\Desktop\MERN-Summer-PEP\Day19_20\node_modules\node-releases\package.json
72 verbose installManyTop reading scoped package data from C:\Users\ashis\OneDrive\Desktop\MERN-Summer-PEP\Day19_20\node_modules\nth-check\package.json
73 verbose installManyTop reading scoped package data from C:\Users\ashis\OneDrive\Desktop\MERN-Summer-PEP\Day19_20\node_modules\nullthrows\package.json
74 verbose installManyTop reading scoped package data from C:\Users\ashis\OneDrive\Desktop\MERN-Summer-PEP\Day19_20\node_modules\ordered-binary\package.json
75 verbose installManyTop reading scoped package data from C:\Users\ashis\OneDrive\Desktop\MERN-Summer-PEP\Day19_20\node_modules\parcel\package.json
76 verbose installManyTop reading scoped package data from C:\Users\ashis\OneDrive\Desktop\MERN-Summer-PEP\Day19_20\node_modules\parent-module\package.json
77 verbose installManyTop reading scoped package data from C:\Users\ashis\OneDrive\Desktop\MERN-Summer-PEP\Day19_20\node_modules\parse-json\package.json
78 verbose installManyTop reading scoped package data from C:\Users\ashis\OneDrive\Desktop\MERN-Summer-PEP\Day19_20\node_modules\path-browserify\package.json
79 verbose installManyTop reading scoped package data from C:\Users\ashis\OneDrive\Desktop\MERN-Summer-PEP\Day19_20\node_modules\picocolors\package.json
80 verbose installManyTop reading scoped package data from C:\Users\ashis\OneDrive\Desktop\MERN-Summer-PEP\Day19_20\node_modules\picomatch\package.json
81 verbose installManyTop reading scoped package data from C:\Users\ashis\OneDrive\Desktop\MERN-Summer-PEP\Day19_20\node_modules\postcss-value-parser\package.json
82 verbose installManyTop reading scoped package data from C:\Users\ashis\OneDrive\Desktop\MERN-Summer-PEP\Day19_20\node_modules\posthtml\package.json
83 verbose installManyTop reading scoped package data from C:\Users\ashis\OneDrive\Desktop\MERN-Summer-PEP\Day19_20\node_modules\posthtml-parser\package.json
84 verbose installManyTop reading scoped package data from C:\Users\ashis\OneDrive\Desktop\MERN-Summer-PEP\Day19_20\node_modules\posthtml-render\package.json
85 verbose installManyTop reading scoped package data from C:\Users\ashis\OneDrive\Desktop\MERN-Summer-PEP\Day19_20\node_modules\process\package.json
86 verbose installManyTop reading scoped package data from C:\Users\ashis\OneDrive\Desktop\MERN-Summer-PEP\Day19_20\node_modules\querystring-es3\package.json
87 verbose installManyTop reading scoped package data from C:\Users\ashis\OneDrive\Desktop\MERN-Summer-PEP\Day19_20\node_modules\react\package.json
88 verbose installManyTop reading scoped package data from C:\Users\ashis\OneDrive\Desktop\MERN-Summer-PEP\Day19_20\node_modules\react-dom\package.json
89 verbose installManyTop reading scoped package data from C:\Users\ashis\OneDrive\Desktop\MERN-Summer-PEP\Day19_20\node_modules\react-error-overlay\package.json
90 verbose installManyTop reading scoped package data from C:\Users\ashis\OneDrive\Desktop\MERN-Summer-PEP\Day19_20\node_modules\react-icons\package.json
91 verbose installManyTop reading scoped package data from C:\Users\ashis\OneDrive\Desktop\MERN-Summer-PEP\Day19_20\node_modules\react-refresh\package.json
92 verbose installManyTop reading scoped package data from C:\Users\ashis\OneDrive\Desktop\MERN-Summer-PEP\Day19_20\node_modules\regenerator-runtime\package.json
93 verbose installManyTop reading scoped package data from C:\Users\ashis\OneDrive\Desktop\MERN-Summer-PEP\Day19_20\node_modules\resolve-from\package.json
94 verbose installManyTop reading scoped package data from C:\Users\ashis\OneDrive\Desktop\MERN-Summer-PEP\Day19_20\node_modules\safe-buffer\package.json
95 verbose installManyTop reading scoped package data from C:\Users\ashis\OneDrive\Desktop\MERN-Summer-PEP\Day19_20\node_modules\scheduler\package.json
96 verbose installManyTop reading scoped package data from C:\Users\ashis\OneDrive\Desktop\MERN-Summer-PEP\Day19_20\node_modules\semver\package.json
97 verbose installManyTop reading scoped package data from C:\Users\ashis\OneDrive\Desktop\MERN-Summer-PEP\Day19_20\node_modules\source-map\package.json
98 verbose installManyTop reading scoped package data from C:\Users\ashis\OneDrive\Desktop\MERN-Summer-PEP\Day19_20\node_modules\srcset\package.json
99 verbose installManyTop reading scoped package data from C:\Users\ashis\OneDrive\Desktop\MERN-Summer-PEP\Day19_20\node_modules\stable\package.json
100 verbose installManyTop reading scoped package data from C:\Users\ashis\OneDrive\Desktop\MERN-Summer-PEP\Day19_20\node_modules\stream-browserify\package.json
101 verbose installManyTop reading scoped package data from C:\Users\ashis\OneDrive\Desktop\MERN-Summer-PEP\Day19_20\node_modules\stream-http\package.json
102 verbose installManyTop reading scoped package data from C:\Users\ashis\OneDrive\Desktop\MERN-Summer-PEP\Day19_20\node_modules\supports-color\package.json
103 verbose installManyTop reading scoped package data from C:\Users\ashis\OneDrive\Desktop\MERN-Summer-PEP\Day19_20\node_modules\svgo\package.json
104 verbose installManyTop reading scoped package data from C:\Users\ashis\OneDrive\Desktop\MERN-Summer-PEP\Day19_20\node_modules\term-size\package.json
105 verbose installManyTop reading scoped package data from C:\Users\ashis\OneDrive\Desktop\MERN-Summer-PEP\Day19_20\node_modules\timsort\package.json
106 verbose installManyTop reading scoped package data from C:\Users\ashis\OneDrive\Desktop\MERN-Summer-PEP\Day19_20\node_modules\to-regex-range\package.json
107 verbose installManyTop reading scoped package data from C:\Users\ashis\OneDrive\Desktop\MERN-Summer-PEP\Day19_20\node_modules\tslib\package.json
108 verbose installManyTop reading scoped package data from C:\Users\ashis\OneDrive\Desktop\MERN-Summer-PEP\Day19_20\node_modules\type-fest\package.json
109 verbose installManyTop reading scoped package data from C:\Users\ashis\OneDrive\Desktop\MERN-Summer-PEP\Day19_20\node_modules\update-browserslist-db\package.json
110 verbose installManyTop reading scoped package data from C:\Users\ashis\OneDrive\Desktop\MERN-Summer-PEP\Day19_20\node_modules\url\package.json
111 verbose installManyTop reading scoped package data from C:\Users\ashis\OneDrive\Desktop\MERN-Summer-PEP\Day19_20\node_modules\util\package.json
112 verbose installManyTop reading scoped package data from C:\Users\ashis\OneDrive\Desktop\MERN-Summer-PEP\Day19_20\node_modules\utility-types\package.json
113 verbose installManyTop reading scoped package data from C:\Users\ashis\OneDrive\Desktop\MERN-Summer-PEP\Day19_20\node_modules\weak-lru-cache\package.json
114 verbose installManyTop reading scoped package data from C:\Users\ashis\OneDrive\Desktop\MERN-Summer-PEP\Day19_20\node_modules\@babel\code-frame\package.json
115 verbose installManyTop reading scoped package data from C:\Users\ashis\OneDrive\Desktop\MERN-Summer-PEP\Day19_20\node_modules\@babel\helper-validator-identifier\package.json
116 verbose installManyTop reading scoped package data from C:\Users\ashis\OneDrive\Desktop\MERN-Summer-PEP\Day19_20\node_modules\@babel\highlight\package.json
117 verbose installManyTop reading scoped package data from C:\Users\ashis\OneDrive\Desktop\MERN-Summer-PEP\Day19_20\node_modules\@lezer\common\package.json
118 verbose installManyTop reading scoped package data from C:\Users\ashis\OneDrive\Desktop\MERN-Summer-PEP\Day19_20\node_modules\@lezer\lr\package.json
119 verbose installManyTop reading scoped package data from C:\Users\ashis\OneDrive\Desktop\MERN-Summer-PEP\Day19_20\node_modules\@lmdb\lmdb-win32-x64\package.json
120 verbose installManyTop reading scoped package data from C:\Users\ashis\OneDrive\Desktop\MERN-Summer-PEP\Day19_20\node_modules\@mischnic\json-sourcemap\package.json
121 verbose installManyTop reading scoped package data from C:\Users\ashis\OneDrive\Desktop\MERN-Summer-PEP\Day19_20\node_modules\@msgpackr-extract\msgpackr-extract-win32-x64\package.json
122 verbose installManyTop reading scoped package data from C:\Users\ashis\OneDrive\Desktop\MERN-Summer-PEP\Day19_20\node_modules\@trysound\sax\package.json
123 verbose installManyTop reading scoped package data from C:\Users\ashis\OneDrive\Desktop\MERN-Summer-PEP\Day19_20\node_modules\@parcel\bundler-default\package.json
124 verbose installManyTop reading scoped package data from C:\Users\ashis\OneDrive\Desktop\MERN-Summer-PEP\Day19_20\node_modules\@parcel\cache\package.json
125 verbose installManyTop reading scoped package data from C:\Users\ashis\OneDrive\Desktop\MERN-Summer-PEP\Day19_20\node_modules\@parcel\codeframe\package.json
126 verbose installManyTop reading scoped package data from C:\Users\ashis\OneDrive\Desktop\MERN-Summer-PEP\Day19_20\node_modules\@parcel\compressor-raw\package.json
127 verbose installManyTop reading scoped package data from C:\Users\ashis\OneDrive\Desktop\MERN-Summer-PEP\Day19_20\node_modules\@parcel\config-default\package.json
128 verbose installManyTop reading scoped package data from C:\Users\ashis\OneDrive\Desktop\MERN-Summer-PEP\Day19_20\node_modules\@parcel\core\package.json
129 verbose installManyTop reading scoped package data from C:\Users\ashis\OneDrive\Desktop\MERN-Summer-PEP\Day19_20\node_modules\@parcel\diagnostic\package.json
130 verbose installManyTop reading scoped package data from C:\Users\ashis\OneDrive\Desktop\MERN-Summer-PEP\Day19_20\node_modules\@parcel\events\package.json
131 verbose installManyTop reading scoped package data from C:\Users\ashis\OneDrive\Desktop\MERN-Summer-PEP\Day19_20\node_modules\@parcel\fs\package.json
132 verbose installManyTop reading scoped package data from C:\Users\ashis\OneDrive\Desktop\MERN-Summer-PEP\Day19_20\node_modules\@parcel\graph\package.json
133 verbose installManyTop reading scoped package data from C:\Users\ashis\OneDrive\Desktop\MERN-Summer-PEP\Day19_20\node_modules\@parcel\logger\package.json
134 verbose installManyTop reading scoped package data from C:\Users\ashis\OneDrive\Desktop\MERN-Summer-PEP\Day19_20\node_modules\@parcel\markdown-ansi\package.json
135 verbose installManyTop reading scoped package data from C:\Users\ashis\OneDrive\Desktop\MERN-Summer-PEP\Day19_20\node_modules\@parcel\namer-default\package.json
136 verbose installManyTop reading scoped package data from C:\Users\ashis\OneDrive\Desktop\MERN-Summer-PEP\Day19_20\node_modules\@parcel\node-resolver-core\package.json
137 verbose installManyTop reading scoped package data from C:\Users\ashis\OneDrive\Desktop\MERN-Summer-PEP\Day19_20\node_modules\@parcel\optimizer-css\package.json
138 verbose installManyTop reading scoped package data from C:\Users\ashis\OneDrive\Desktop\MERN-Summer-PEP\Day19_20\node_modules\@parcel\optimizer-htmlnano\package.json
139 verbose installManyTop reading scoped package data from C:\Users\ashis\OneDrive\Desktop\MERN-Summer-PEP\Day19_20\node_modules\@parcel\optimizer-image\package.json
140 verbose installManyTop reading scoped package data from C:\Users\ashis\OneDrive\Desktop\MERN-Summer-PEP\Day19_20\node_modules\@parcel\optimizer-svgo\package.json
141 verbose installManyTop reading scoped package data from C:\Users\ashis\OneDrive\Desktop\MERN-Summer-PEP\Day19_20\node_modules\@parcel\optimizer-swc\package.json
142 verbose installManyTop reading scoped package data from C:\Users\ashis\OneDrive\Desktop\MERN-Summer-PEP\Day19_20\node_modules\@parcel\package-manager\package.json
143 verbose installManyTop reading scoped package data from C:\Users\ashis\OneDrive\Desktop\MERN-Summer-PEP\Day19_20\node_modules\@parcel\packager-css\package.json
144 verbose installManyTop reading scoped package data from C:\Users\ashis\OneDrive\Desktop\MERN-Summer-PEP\Day19_20\node_modules\@parcel\packager-html\package.json
145 verbose installManyTop reading scoped package data from C:\Users\ashis\OneDrive\Desktop\MERN-Summer-PEP\Day19_20\node_modules\@parcel\packager-js\package.json
146 verbose installManyTop reading scoped package data from C:\Users\ashis\OneDrive\Desktop\MERN-Summer-PEP\Day19_20\node_modules\@parcel\packager-raw\package.json
147 verbose installManyTop reading scoped package data from C:\Users\ashis\OneDrive\Desktop\MERN-Summer-PEP\Day19_20\node_modules\@parcel\packager-svg\package.json
148 verbose installManyTop reading scoped package data from C:\Users\ashis\OneDrive\Desktop\MERN-Summer-PEP\Day19_20\node_modules\@parcel\packager-wasm\package.json
149 verbose installManyTop reading scoped package data from C:\Users\ashis\OneDrive\Desktop\MERN-Summer-PEP\Day19_20\node_modules\@parcel\plugin\package.json
150 verbose installManyTop reading scoped package data from C:\Users\ashis\OneDrive\Desktop\MERN-Summer-PEP\Day19_20\node_modules\@parcel\profiler\package.json
151 verbose installManyTop reading scoped package data from C:\Users\ashis\OneDrive\Desktop\MERN-Summer-PEP\Day19_20\node_modules\@parcel\reporter-cli\package.json
152 verbose installManyTop reading scoped package data from C:\Users\ashis\OneDrive\Desktop\MERN-Summer-PEP\Day19_20\node_modules\@parcel\reporter-dev-server\package.json
153 verbose installManyTop reading scoped package data from C:\Users\ashis\OneDrive\Desktop\MERN-Summer-PEP\Day19_20\node_modules\@parcel\reporter-tracer\package.json
154 verbose installManyTop reading scoped package data from C:\Users\ashis\OneDrive\Desktop\MERN-Summer-PEP\Day19_20\node_modules\@parcel\resolver-default\package.json
155 verbose installManyTop reading scoped package data from C:\Users\ashis\OneDrive\Desktop\MERN-Summer-PEP\Day19_20\node_modules\@parcel\runtime-browser-hmr\package.json
156 verbose installManyTop reading scoped package data from C:\Users\ashis\OneDrive\Desktop\MERN-Summer-PEP\Day19_20\node_modules\@parcel\runtime-js\package.json
157 verbose installManyTop reading scoped package data from C:\Users\ashis\OneDrive\Desktop\MERN-Summer-PEP\Day19_20\node_modules\@parcel\runtime-react-refresh\package.json
158 verbose installManyTop reading scoped package data from C:\Users\ashis\OneDrive\Desktop\MERN-Summer-PEP\Day19_20\node_modules\@parcel\runtime-service-worker\package.json
159 verbose installManyTop reading scoped package data from C:\Users\ashis\OneDrive\Desktop\MERN-Summer-PEP\Day19_20\node_modules\@parcel\rust\package.json
160 verbose installManyTop reading scoped package data from C:\Users\ashis\OneDrive\Desktop\MERN-Summer-PEP\Day19_20\node_modules\@parcel\source-map\package.json
161 verbose installManyTop reading scoped package data from C:\Users\ashis\OneDrive\Desktop\MERN-Summer-PEP\Day19_20\node_modules\@parcel\transformer-babel\package.json
162 verbose installManyTop reading scoped package data from C:\Users\ashis\OneDrive\Desktop\MERN-Summer-PEP\Day19_20\node_modules\@parcel\transformer-css\package.json
163 verbose installManyTop reading scoped package data from C:\Users\ashis\OneDrive\Desktop\MERN-Summer-PEP\Day19_20\node_modules\@parcel\transformer-html\package.json
164 verbose installManyTop reading scoped package data from C:\Users\ashis\OneDrive\Desktop\MERN-Summer-PEP\Day19_20\node_modules\@parcel\transformer-image\package.json
165 verbose installManyTop reading scoped package data from C:\Users\ashis\OneDrive\Desktop\MERN-Summer-PEP\Day19_20\node_modules\@parcel\transformer-js\package.json
166 verbose installManyTop reading scoped package data from C:\Users\ashis\OneDrive\Desktop\MERN-Summer-PEP\Day19_20\node_modules\@parcel\transformer-json\package.json
167 verbose installManyTop reading scoped package data from C:\Users\ashis\OneDrive\Desktop\MERN-Summer-PEP\Day19_20\node_modules\@parcel\transformer-postcss\package.json
168 verbose installManyTop reading scoped package data from C:\Users\ashis\OneDrive\Desktop\MERN-Summer-PEP\Day19_20\node_modules\@parcel\transformer-posthtml\package.json
169 verbose installManyTop reading scoped package data from C:\Users\ashis\OneDrive\Desktop\MERN-Summer-PEP\Day19_20\node_modules\@parcel\transformer-raw\package.json
170 verbose installManyTop reading scoped package data from C:\Users\ashis\OneDrive\Desktop\MERN-Summer-PEP\Day19_20\node_modules\@parcel\transformer-react-refresh-wrap\package.json
171 verbose installManyTop reading scoped package data from C:\Users\ashis\OneDrive\Desktop\MERN-Summer-PEP\Day19_20\node_modules\@parcel\transformer-svg\package.json
172 verbose installManyTop reading scoped package data from C:\Users\ashis\OneDrive\Desktop\MERN-Summer-PEP\Day19_20\node_modules\@parcel\types\package.json
173 verbose installManyTop reading scoped package data from C:\Users\ashis\OneDrive\Desktop\MERN-Summer-PEP\Day19_20\node_modules\@parcel\utils\package.json
174 verbose installManyTop reading scoped package data from C:\Users\ashis\OneDrive\Desktop\MERN-Summer-PEP\Day19_20\node_modules\@parcel\watcher\package.json
175 verbose installManyTop reading scoped package data from C:\Users\ashis\OneDrive\Desktop\MERN-Summer-PEP\Day19_20\node_modules\@parcel\watcher-win32-x64\package.json
176 verbose installManyTop reading scoped package data from C:\Users\ashis\OneDrive\Desktop\MERN-Summer-PEP\Day19_20\node_modules\@parcel\workers\package.json
177 verbose installManyTop reading scoped package data from C:\Users\ashis\OneDrive\Desktop\MERN-Summer-PEP\Day19_20\node_modules\@swc\core\package.json
178 verbose installManyTop reading scoped package data from C:\Users\ashis\OneDrive\Desktop\MERN-Summer-PEP\Day19_20\node_modules\@swc\core-win32-x64-msvc\package.json
179 verbose installManyTop reading scoped package data from C:\Users\ashis\OneDrive\Desktop\MERN-Summer-PEP\Day19_20\node_modules\@swc\counter\package.json
180 verbose installManyTop reading scoped package data from C:\Users\ashis\OneDrive\Desktop\MERN-Summer-PEP\Day19_20\node_modules\@swc\helpers\package.json
181 verbose installManyTop reading scoped package data from C:\Users\ashis\OneDrive\Desktop\MERN-Summer-PEP\Day19_20\node_modules\@swc\types\package.json
182 info package.json @parcel/bundler-default@2.12.0 No description
183 info package.json @parcel/bundler-default@2.12.0 No README data
184 info package.json @parcel/config-default@2.12.0 No description
185 info package.json @parcel/config-default@2.12.0 No README data
186 info package.json @parcel/codeframe@2.12.0 No README data
187 info package.json @parcel/cache@2.12.0 No description
188 info package.json @parcel/cache@2.12.0 No README data
189 info package.json @parcel/compressor-raw@2.12.0 No description
190 info package.json @parcel/compressor-raw@2.12.0 No README data
191 info package.json @parcel/events@2.12.0 No description
192 info package.json @parcel/events@2.12.0 No README data
193 info package.json @parcel/core@2.12.0 No description
194 info package.json @parcel/core@2.12.0 No README data
195 info package.json @parcel/diagnostic@2.12.0 No description
196 info package.json @parcel/diagnostic@2.12.0 No README data
197 info package.json @parcel/fs@2.12.0 No README data
198 info package.json @parcel/logger@2.12.0 No README data
199 info package.json @parcel/markdown-ansi@2.12.0 No README data
200 info package.json @parcel/graph@3.2.0 No README data
201 info package.json @parcel/node-resolver-core@3.3.0 No description
202 info package.json @parcel/node-resolver-core@3.3.0 No README data
203 info package.json @parcel/namer-default@2.12.0 No description
204 info package.json @parcel/namer-default@2.12.0 No README data
205 info package.json @parcel/optimizer-image@2.12.0 No description
206 info package.json @parcel/optimizer-image@2.12.0 No README data
207 info package.json @parcel/optimizer-htmlnano@2.12.0 No description
208 info package.json @parcel/optimizer-htmlnano@2.12.0 No README data
209 info package.json @parcel/optimizer-css@2.12.0 No description
210 info package.json @parcel/optimizer-css@2.12.0 No README data
211 info package.json @parcel/package-manager@2.12.0 No README data
212 info package.json @parcel/optimizer-svgo@2.12.0 No description
213 info package.json @parcel/optimizer-svgo@2.12.0 No README data
214 info package.json @parcel/optimizer-swc@2.12.0 No description
215 info package.json @parcel/optimizer-swc@2.12.0 No README data
216 info package.json @parcel/packager-html@2.12.0 No description
217 info package.json @parcel/packager-html@2.12.0 No README data
218 info package.json @parcel/packager-css@2.12.0 No description
219 info package.json @parcel/packager-css@2.12.0 No README data
220 info package.json @parcel/packager-raw@2.12.0 No description
221 info package.json @parcel/packager-raw@2.12.0 No README data
222 info package.json @parcel/packager-svg@2.12.0 No description
223 info package.json @parcel/packager-svg@2.12.0 No README data
224 info package.json @parcel/packager-js@2.12.0 No description
225 info package.json @parcel/packager-js@2.12.0 No README data
226 info package.json @parcel/profiler@2.12.0 No README data
227 info package.json @parcel/plugin@2.12.0 No description
228 info package.json @parcel/plugin@2.12.0 No README data
229 info package.json @parcel/packager-wasm@2.12.0 No description
230 info package.json @parcel/packager-wasm@2.12.0 No README data
231 info package.json @parcel/reporter-cli@2.12.0 No description
232 info package.json @parcel/reporter-cli@2.12.0 No README data
233 info package.json @parcel/reporter-dev-server@2.12.0 No README data
234 info package.json @parcel/resolver-default@2.12.0 No description
235 info package.json @parcel/resolver-default@2.12.0 No README data
236 info package.json @parcel/runtime-js@2.12.0 No description
237 info package.json @parcel/runtime-js@2.12.0 No README data
238 info package.json @parcel/reporter-tracer@2.12.0 No description
239 info package.json @parcel/reporter-tracer@2.12.0 No README data
240 info package.json @parcel/runtime-browser-hmr@2.12.0 No description
241 info package.json @parcel/runtime-browser-hmr@2.12.0 No README data
242 info package.json @parcel/runtime-service-worker@2.12.0 No description
243 info package.json @parcel/runtime-service-worker@2.12.0 No README data
244 info package.json @parcel/runtime-react-refresh@2.12.0 No description
245 info package.json @parcel/runtime-react-refresh@2.12.0 No README data
246 info package.json @parcel/transformer-css@2.12.0 No description
247 info package.json @parcel/transformer-css@2.12.0 No README data
248 info package.json @parcel/rust@2.12.0 No description
249 info package.json @parcel/rust@2.12.0 No README data
250 info package.json @parcel/transformer-js@2.12.0 No description
251 info package.json @parcel/transformer-js@2.12.0 No README data
252 info package.json @parcel/transformer-html@2.12.0 No description
253 info package.json @parcel/transformer-html@2.12.0 No README data
254 info package.json @parcel/transformer-posthtml@2.12.0 No description
255 info package.json @parcel/transformer-posthtml@2.12.0 No README data
256 info package.json @parcel/transformer-image@2.12.0 No description
257 info package.json @parcel/transformer-image@2.12.0 No README data
258 info package.json @parcel/transformer-postcss@2.12.0 No description
259 info package.json @parcel/transformer-postcss@2.12.0 No README data
260 info package.json @parcel/transformer-json@2.12.0 No description
261 info package.json @parcel/transformer-json@2.12.0 No README data
262 info package.json @parcel/transformer-raw@2.12.0 No description
263 info package.json @parcel/transformer-raw@2.12.0 No README data
264 info package.json @parcel/transformer-svg@2.12.0 No description
265 info package.json @parcel/transformer-svg@2.12.0 No README data
266 info package.json @parcel/transformer-react-refresh-wrap@2.12.0 No description
267 info package.json @parcel/transformer-react-refresh-wrap@2.12.0 No README data
268 info package.json @parcel/types@2.12.0 No description
269 info package.json @parcel/types@2.12.0 No README data
270 info package.json @parcel/workers@2.12.0 No README data
271 info package.json @parcel/utils@2.12.0 No README data
272 info package.json @swc/core@1.6.6 No README data
273 info package.json @swc/helpers@0.5.11 No README data
274 info package.json buffer@6.0.3 buffer is also the name of a node core module.
275 info package.json dotenv-expand@5.1.0 No repository field.
276 info package.json events@3.3.0 events is also the name of a node core module.
277 info package.json process@0.11.10 process is also the name of a node core module.
278 info package.json querystring-es3@0.2.1 No license field.
279 info package.json url@0.11.3 url is also the name of a node core module.
280 info package.json util@0.12.5 util is also the name of a node core module.
281 verbose readDependencies loading dependencies from C:\Users\ashis\OneDrive\Desktop\MERN-Summer-PEP\Day19_20\package.json
282 silly cache add args [ 'browserify-zlib@^0.2.0', null ]
283 verbose cache add spec browserify-zlib@^0.2.0
284 silly cache add parsed spec Result {
284 silly cache add   raw: 'browserify-zlib@^0.2.0',
284 silly cache add   scope: null,
284 silly cache add   name: 'browserify-zlib',
284 silly cache add   rawSpec: '^0.2.0',
284 silly cache add   spec: '>=0.2.0 <0.3.0',
284 silly cache add   type: 'range'
284 silly cache add }
285 silly addNamed browserify-zlib@>=0.2.0 <0.3.0
286 verbose addNamed ">=0.2.0 <0.3.0" is a valid semver range for browserify-zlib
287 silly addNameRange { name: 'browserify-zlib', range: '>=0.2.0 <0.3.0', hasData: false }
288 silly mapToRegistry name browserify-zlib
289 silly mapToRegistry using default registry
290 silly mapToRegistry registry https://registry.npmjs.org/
291 silly mapToRegistry data Result {
291 silly mapToRegistry   raw: 'browserify-zlib',
291 silly mapToRegistry   scope: null,
291 silly mapToRegistry   name: 'browserify-zlib',
291 silly mapToRegistry   rawSpec: '',
291 silly mapToRegistry   spec: 'latest',
291 silly mapToRegistry   type: 'tag'
291 silly mapToRegistry }
292 silly mapToRegistry uri https://registry.npmjs.org/browserify-zlib
293 verbose addNameRange registry:https://registry.npmjs.org/browserify-zlib not in flight; fetching
294 verbose request uri https://registry.npmjs.org/browserify-zlib
295 verbose request no auth needed
296 info attempt registry request try #1 at 3:35:17 pm
297 verbose request id de27246c27a837a2
298 http request GET https://registry.npmjs.org/browserify-zlib
299 http 200 https://registry.npmjs.org/browserify-zlib
300 verbose headers {
300 verbose headers   date: 'Thu, 04 Jul 2024 10:05:18 GMT',
300 verbose headers   'content-type': 'application/json',
300 verbose headers   'transfer-encoding': 'chunked',
300 verbose headers   connection: 'keep-alive',
300 verbose headers   'cf-ray': '89de4bcd7832b2c5-DEL',
300 verbose headers   'cf-cache-status': 'HIT',
300 verbose headers   'access-control-allow-origin': '*',
300 verbose headers   age: '183',
300 verbose headers   'cache-control': 'public, max-age=300',
300 verbose headers   etag: 'W/"a73cbfb6a15564ad8c0888c1b05b445f"',
300 verbose headers   'last-modified': 'Mon, 13 Jun 2022 05:11:17 GMT',
300 verbose headers   vary: 'accept-encoding, accept',
300 verbose headers   server: 'cloudflare',
300 verbose headers   'content-encoding': 'gzip'
300 verbose headers }
301 silly get cb [
301 silly get   200,
301 silly get   {
301 silly get     date: 'Thu, 04 Jul 2024 10:05:18 GMT',
301 silly get     'content-type': 'application/json',
301 silly get     'transfer-encoding': 'chunked',
301 silly get     connection: 'keep-alive',
301 silly get     'cf-ray': '89de4bcd7832b2c5-DEL',
301 silly get     'cf-cache-status': 'HIT',
301 silly get     'access-control-allow-origin': '*',
301 silly get     age: '183',
301 silly get     'cache-control': 'public, max-age=300',
301 silly get     etag: 'W/"a73cbfb6a15564ad8c0888c1b05b445f"',
301 silly get     'last-modified': 'Mon, 13 Jun 2022 05:11:17 GMT',
301 silly get     vary: 'accept-encoding, accept',
301 silly get     server: 'cloudflare',
301 silly get     'content-encoding': 'gzip'
301 silly get   }
301 silly get ]
302 verbose get saving browserify-zlib to C:\Users\ashis\AppData\Roaming\npm-cache\registry.npmjs.org\browserify-zlib\.cache.json
303 verbose correctMkdir C:\Users\ashis\AppData\Roaming\npm-cache correctMkdir not in flight; initializing
304 silly addNameRange number 2 { name: 'browserify-zlib', range: '>=0.2.0 <0.3.0', hasData: true }
305 silly addNameRange versions [
305 silly addNameRange   'browserify-zlib',
305 silly addNameRange   [ '0.1.0', '0.1.1', '0.1.2', '0.1.3', '0.1.4', '0.2.0' ]
305 silly addNameRange ]
306 silly addNamed browserify-zlib@0.2.0
307 verbose addNamed "0.2.0" is a plain semver version for browserify-zlib
308 silly mapToRegistry name browserify-zlib
309 silly mapToRegistry using default registry
310 silly mapToRegistry registry https://registry.npmjs.org/
311 silly mapToRegistry data Result {
311 silly mapToRegistry   raw: 'browserify-zlib',
311 silly mapToRegistry   scope: null,
311 silly mapToRegistry   name: 'browserify-zlib',
311 silly mapToRegistry   rawSpec: '',
311 silly mapToRegistry   spec: 'latest',
311 silly mapToRegistry   type: 'tag'
311 silly mapToRegistry }
312 silly mapToRegistry uri https://registry.npmjs.org/browserify-zlib
313 verbose addRemoteTarball https://registry.npmjs.org/browserify-zlib/-/browserify-zlib-0.2.0.tgz not in flight; adding
314 verbose addRemoteTarball [
314 verbose addRemoteTarball   'https://registry.npmjs.org/browserify-zlib/-/browserify-zlib-0.2.0.tgz',
314 verbose addRemoteTarball   '2869459d9aa3be245fe8fe2ca1f46e2e7f54d73f'
314 verbose addRemoteTarball ]
315 info retry fetch attempt 1 at 3:35:17 pm
316 info attempt registry request try #1 at 3:35:17 pm
317 http fetch GET https://registry.npmjs.org/browserify-zlib/-/browserify-zlib-0.2.0.tgz
318 http fetch 200 https://registry.npmjs.org/browserify-zlib/-/browserify-zlib-0.2.0.tgz
319 silly fetchAndShaCheck shasum 2869459d9aa3be245fe8fe2ca1f46e2e7f54d73f
320 verbose addTmpTarball C:\Users\ashis\AppData\Local\Temp\npm-8432-59cb9b1e\registry.npmjs.org\browserify-zlib\-\browserify-zlib-0.2.0.tgz not in flight; adding
321 verbose addTmpTarball already have metadata; skipping unpack for browserify-zlib@0.2.0
322 verbose correctMkdir C:\Users\ashis\AppData\Roaming\npm-cache correctMkdir not in flight; initializing
323 silly cache afterAdd browserify-zlib@0.2.0
324 verbose afterAdd C:\Users\ashis\AppData\Roaming\npm-cache\browserify-zlib\0.2.0\package\package.json not in flight; writing
325 verbose correctMkdir C:\Users\ashis\AppData\Roaming\npm-cache correctMkdir not in flight; initializing
326 verbose afterAdd C:\Users\ashis\AppData\Roaming\npm-cache\browserify-zlib\0.2.0\package\package.json written
327 silly install resolved [
327 silly install resolved   {
327 silly install resolved     name: 'browserify-zlib',
327 silly install resolved     version: '0.2.0',
327 silly install resolved     description: 'Full zlib module for the browser',
327 silly install resolved     keywords: [ 'zlib', 'browserify' ],
327 silly install resolved     main: 'lib/index.js',
327 silly install resolved     directories: { test: 'test' },
327 silly install resolved     dependencies: { pako: '~1.0.5' },
327 silly install resolved     devDependencies: {
327 silly install resolved       assert: '^1.4.1',
327 silly install resolved       'babel-cli': '^6.24.1',
327 silly install resolved       'babel-plugin-transform-es2015-arrow-functions': '^6.22.0',
327 silly install resolved       'babel-plugin-transform-es2015-block-scoping': '^6.24.1',
327 silly install resolved       'babel-plugin-transform-es2015-template-literals': '^6.22.0',
327 silly install resolved       babelify: '^7.3.0',
327 silly install resolved       brfs: '^1.4.3',
327 silly install resolved       browserify: '^14.4.0',
327 silly install resolved       'exec-glob': '^1.2.2',
327 silly install resolved       glob: '^7.1.2',
327 silly install resolved       karma: '^1.7.0',
327 silly install resolved       'karma-chrome-launcher': '^2.1.1',
327 silly install resolved       'karma-firefox-launcher': '^1.0.1',
327 silly install resolved       'karma-mocha': '^1.3.0',
327 silly install resolved       'karma-mocha-own-reporter': '^1.1.2',
327 silly install resolved       'karma-phantomjs-launcher': '^1.0.4',
327 silly install resolved       mocha: '^3.4.2',
327 silly install resolved       'phantomjs-prebuilt': '^2.1.14',
327 silly install resolved       standard: '^10.0.2',
327 silly install resolved       watchify: '^3.9.0'
327 silly install resolved     },
327 silly install resolved     scripts: {
327 silly install resolved       build: 'babel src --out-dir lib',
327 silly install resolved       lint: 'standard "*.js" "!(node_modules|lib)/!(*test-zlib*|index).js"',
327 silly install resolved       pretest: 'npm run build',
327 silly install resolved       test: 'npm run test:node && npm run test:browser',
327 silly install resolved       'test:node': 'node node_modules/exec-glob node "test/test-*"',
327 silly install resolved       'pretest:browser': 'node test/build',
327 silly install resolved       'test:browser': 'karma start --single-run=true karma.conf.js'
327 silly install resolved     },
327 silly install resolved     babel: { plugins: [Array] },
327 silly install resolved     author: { name: 'Devon Govett', email: 'devongovett@gmail.com' },
327 silly install resolved     homepage: 'https://github.com/devongovett/browserify-zlib',
327 silly install resolved     license: 'MIT',
327 silly install resolved     repository: {
327 silly install resolved       type: 'git',
327 silly install resolved       url: 'git+https://github.com/devongovett/browserify-zlib.git'
327 silly install resolved     },
327 silly install resolved     bugs: { url: 'https://github.com/devongovett/browserify-zlib/issues' },
327 silly install resolved     gitHead: '6257713c1dc3b69d781a43c10e58a6d75875eef8',
327 silly install resolved     _id: 'browserify-zlib@0.2.0',
327 silly install resolved     _npmVersion: '5.0.0',
327 silly install resolved     _nodeVersion: '7.9.0',
327 silly install resolved     _npmUser: { name: 'dignifiedquire', email: 'dignifiedquire@gmail.com' },
327 silly install resolved     dist: {
327 silly install resolved       integrity: 'sha512-Z942RysHXmJrhqk88FmKBVq/v5tqmSkDz7p54G/MGyjMnCFFnC79XWNbg+Vta8W6Wb2qtSZTSxIGkJrRpCFEiA==',
327 silly install resolved       shasum: '2869459d9aa3be245fe8fe2ca1f46e2e7f54d73f',
327 silly install resolved       tarball: 'https://registry.npmjs.org/browserify-zlib/-/browserify-zlib-0.2.0.tgz',
327 silly install resolved       signatures: [Array]
327 silly install resolved     },
327 silly install resolved     maintainers: [ [Object], [Object] ],
327 silly install resolved     _npmOperationalInternal: {
327 silly install resolved       host: 's3://npm-registry-packages',
327 silly install resolved       tmp: 'tmp/browserify-zlib-0.2.0.tgz_1496505724707_0.4081235988996923'
327 silly install resolved     },
327 silly install resolved     _shasum: '2869459d9aa3be245fe8fe2ca1f46e2e7f54d73f',
327 silly install resolved     _resolved: 'https://registry.npmjs.org/browserify-zlib/-/browserify-zlib-0.2.0.tgz',
327 silly install resolved     _from: 'browserify-zlib@>=0.2.0 <0.3.0'
327 silly install resolved   }
327 silly install resolved ]
328 info install browserify-zlib@0.2.0 into C:\Users\ashis\OneDrive\Desktop\MERN-Summer-PEP\Day19_20
329 info installOne browserify-zlib@0.2.0
330 verbose installOne of browserify-zlib to C:\Users\ashis\OneDrive\Desktop\MERN-Summer-PEP\Day19_20 not in flight; installing
331 verbose correctMkdir C:\Users\ashis\AppData\Roaming\npm-cache\_locks correctMkdir not in flight; initializing
332 verbose lock using C:\Users\ashis\AppData\Roaming\npm-cache\_locks\browserify-zlib-6c3c2634b17bc0af.lock for C:\Users\ashis\OneDrive\Desktop\MERN-Summer-PEP\Day19_20\node_modules\browserify-zlib
333 silly install write writing browserify-zlib 0.2.0 to C:\Users\ashis\OneDrive\Desktop\MERN-Summer-PEP\Day19_20\node_modules\browserify-zlib
334 verbose unbuild node_modules\browserify-zlib
335 silly gentlyRm C:\Users\ashis\OneDrive\Desktop\MERN-Summer-PEP\Day19_20\node_modules\browserify-zlib is being purged from base C:\Users\ashis\OneDrive\Desktop\MERN-Summer-PEP\Day19_20
336 verbose gentlyRm don't care about contents; nuking C:\Users\ashis\OneDrive\Desktop\MERN-Summer-PEP\Day19_20\node_modules\browserify-zlib
337 verbose tar unpack C:\Users\ashis\AppData\Roaming\npm-cache\browserify-zlib\0.2.0\package.tgz
338 verbose tar unpacking to C:\Users\ashis\OneDrive\Desktop\MERN-Summer-PEP\Day19_20\node_modules\browserify-zlib
339 silly gentlyRm C:\Users\ashis\OneDrive\Desktop\MERN-Summer-PEP\Day19_20\node_modules\browserify-zlib is being purged
340 verbose gentlyRm don't care about contents; nuking C:\Users\ashis\OneDrive\Desktop\MERN-Summer-PEP\Day19_20\node_modules\browserify-zlib
341 silly gunzTarPerm modes [ '777', '666' ]
342 silly gunzTarPerm extractEntry package.json
343 silly gunzTarPerm modified mode [ 'package.json', 420, 438 ]
344 silly gunzTarPerm extractEntry .npmignore
345 silly gunzTarPerm modified mode [ '.npmignore', 420, 438 ]
346 silly gunzTarPerm extractEntry README.md
347 silly gunzTarPerm modified mode [ 'README.md', 420, 438 ]
348 silly gunzTarPerm extractEntry LICENSE
349 silly gunzTarPerm modified mode [ 'LICENSE', 420, 438 ]
350 silly gunzTarPerm extractEntry karma.conf.js
351 silly gunzTarPerm modified mode [ 'karma.conf.js', 420, 438 ]
352 silly gunzTarPerm extractEntry lib/binding.js
353 silly gunzTarPerm modified mode [ 'lib/binding.js', 420, 438 ]
354 silly gunzTarPerm extractEntry lib/index.js
355 silly gunzTarPerm modified mode [ 'lib/index.js', 420, 438 ]
356 silly gunzTarPerm extractEntry .travis.yml
357 silly gunzTarPerm modified mode [ '.travis.yml', 420, 438 ]
358 silly gunzTarPerm extractEntry src/binding.js
359 silly gunzTarPerm modified mode [ 'src/binding.js', 420, 438 ]
360 silly gunzTarPerm extractEntry src/index.js
361 silly gunzTarPerm modified mode [ 'src/index.js', 420, 438 ]
362 silly gunzTarPerm extractEntry yarn.lock
363 silly gunzTarPerm modified mode [ 'yarn.lock', 420, 438 ]
364 verbose write writing to C:\Users\ashis\OneDrive\Desktop\MERN-Summer-PEP\Day19_20\node_modules\browserify-zlib\package.json
365 info preinstall browserify-zlib@0.2.0
366 verbose readDependencies loading dependencies from C:\Users\ashis\OneDrive\Desktop\MERN-Summer-PEP\Day19_20\node_modules\browserify-zlib\package.json
367 silly prepareForInstallMany adding pako@~1.0.5 from browserify-zlib dependencies
368 verbose readDependencies loading dependencies from C:\Users\ashis\OneDrive\Desktop\MERN-Summer-PEP\Day19_20\node_modules\browserify-zlib\package.json
369 silly cache add args [ 'pako@~1.0.5', null ]
370 verbose cache add spec pako@~1.0.5
371 silly cache add parsed spec Result {
371 silly cache add   raw: 'pako@~1.0.5',
371 silly cache add   scope: null,
371 silly cache add   name: 'pako',
371 silly cache add   rawSpec: '~1.0.5',
371 silly cache add   spec: '>=1.0.5 <1.1.0',
371 silly cache add   type: 'range'
371 silly cache add }
372 silly addNamed pako@>=1.0.5 <1.1.0
373 verbose addNamed ">=1.0.5 <1.1.0" is a valid semver range for pako
374 silly addNameRange { name: 'pako', range: '>=1.0.5 <1.1.0', hasData: false }
375 silly mapToRegistry name pako
376 silly mapToRegistry using default registry
377 silly mapToRegistry registry https://registry.npmjs.org/
378 silly mapToRegistry data Result {
378 silly mapToRegistry   raw: 'pako',
378 silly mapToRegistry   scope: null,
378 silly mapToRegistry   name: 'pako',
378 silly mapToRegistry   rawSpec: '',
378 silly mapToRegistry   spec: 'latest',
378 silly mapToRegistry   type: 'tag'
378 silly mapToRegistry }
379 silly mapToRegistry uri https://registry.npmjs.org/pako
380 verbose addNameRange registry:https://registry.npmjs.org/pako not in flight; fetching
381 verbose request uri https://registry.npmjs.org/pako
382 verbose request no auth needed
383 info attempt registry request try #1 at 3:35:17 pm
384 http request GET https://registry.npmjs.org/pako
385 http 200 https://registry.npmjs.org/pako
386 verbose headers {
386 verbose headers   date: 'Thu, 04 Jul 2024 10:05:18 GMT',
386 verbose headers   'content-type': 'application/json',
386 verbose headers   'transfer-encoding': 'chunked',
386 verbose headers   connection: 'keep-alive',
386 verbose headers   'cf-ray': '89de4bced95eb2c5-DEL',
386 verbose headers   'cf-cache-status': 'HIT',
386 verbose headers   'access-control-allow-origin': '*',
386 verbose headers   age: '183',
386 verbose headers   'cache-control': 'public, max-age=300',
386 verbose headers   etag: 'W/"a0a90e927c1dadadf3bc9f3e3e5f1c62"',
386 verbose headers   'last-modified': 'Mon, 07 Nov 2022 01:02:11 GMT',
386 verbose headers   vary: 'accept-encoding, accept',
386 verbose headers   server: 'cloudflare',
386 verbose headers   'content-encoding': 'gzip'
386 verbose headers }
387 silly get cb [
387 silly get   200,
387 silly get   {
387 silly get     date: 'Thu, 04 Jul 2024 10:05:18 GMT',
387 silly get     'content-type': 'application/json',
387 silly get     'transfer-encoding': 'chunked',
387 silly get     connection: 'keep-alive',
387 silly get     'cf-ray': '89de4bced95eb2c5-DEL',
387 silly get     'cf-cache-status': 'HIT',
387 silly get     'access-control-allow-origin': '*',
387 silly get     age: '183',
387 silly get     'cache-control': 'public, max-age=300',
387 silly get     etag: 'W/"a0a90e927c1dadadf3bc9f3e3e5f1c62"',
387 silly get     'last-modified': 'Mon, 07 Nov 2022 01:02:11 GMT',
387 silly get     vary: 'accept-encoding, accept',
387 silly get     server: 'cloudflare',
387 silly get     'content-encoding': 'gzip'
387 silly get   }
387 silly get ]
388 verbose get saving pako to C:\Users\ashis\AppData\Roaming\npm-cache\registry.npmjs.org\pako\.cache.json
389 verbose correctMkdir C:\Users\ashis\AppData\Roaming\npm-cache correctMkdir not in flight; initializing
390 silly addNameRange number 2 { name: 'pako', range: '>=1.0.5 <1.1.0', hasData: true }
391 silly addNameRange versions [
391 silly addNameRange   'pako',
391 silly addNameRange   [
391 silly addNameRange     '0.0.0',  '0.1.0', '0.1.1', '0.2.0',
391 silly addNameRange     '0.2.1',  '0.2.2', '0.2.3', '0.2.4',
391 silly addNameRange     '0.2.5',  '0.2.6', '0.2.7', '0.2.8',
391 silly addNameRange     '1.0.0',  '1.0.1', '1.0.2', '0.2.9',
391 silly addNameRange     '1.0.3',  '1.0.4', '1.0.5', '1.0.6',
391 silly addNameRange     '1.0.7',  '1.0.8', '1.0.9', '1.0.10',
391 silly addNameRange     '1.0.11', '2.0.0', '2.0.1', '2.0.2',
391 silly addNameRange     '2.0.3',  '2.0.4', '2.1.0'
391 silly addNameRange   ]
391 silly addNameRange ]
392 silly addNamed pako@1.0.11
393 verbose addNamed "1.0.11" is a plain semver version for pako
394 silly mapToRegistry name pako
395 silly mapToRegistry using default registry
396 silly mapToRegistry registry https://registry.npmjs.org/
397 silly mapToRegistry data Result {
397 silly mapToRegistry   raw: 'pako',
397 silly mapToRegistry   scope: null,
397 silly mapToRegistry   name: 'pako',
397 silly mapToRegistry   rawSpec: '',
397 silly mapToRegistry   spec: 'latest',
397 silly mapToRegistry   type: 'tag'
397 silly mapToRegistry }
398 silly mapToRegistry uri https://registry.npmjs.org/pako
399 verbose addRemoteTarball https://registry.npmjs.org/pako/-/pako-1.0.11.tgz not in flight; adding
400 verbose addRemoteTarball [
400 verbose addRemoteTarball   'https://registry.npmjs.org/pako/-/pako-1.0.11.tgz',
400 verbose addRemoteTarball   '6c9599d340d54dfd3946380252a35705a6b992bf'
400 verbose addRemoteTarball ]
401 info retry fetch attempt 1 at 3:35:17 pm
402 info attempt registry request try #1 at 3:35:17 pm
403 http fetch GET https://registry.npmjs.org/pako/-/pako-1.0.11.tgz
404 http fetch 200 https://registry.npmjs.org/pako/-/pako-1.0.11.tgz
405 silly fetchAndShaCheck shasum 6c9599d340d54dfd3946380252a35705a6b992bf
406 verbose addTmpTarball C:\Users\ashis\AppData\Local\Temp\npm-8432-59cb9b1e\registry.npmjs.org\pako\-\pako-1.0.11.tgz not in flight; adding
407 verbose addTmpTarball already have metadata; skipping unpack for pako@1.0.11
408 verbose correctMkdir C:\Users\ashis\AppData\Roaming\npm-cache correctMkdir not in flight; initializing
409 silly cache afterAdd pako@1.0.11
410 verbose afterAdd C:\Users\ashis\AppData\Roaming\npm-cache\pako\1.0.11\package\package.json not in flight; writing
411 verbose correctMkdir C:\Users\ashis\AppData\Roaming\npm-cache correctMkdir not in flight; initializing
412 verbose afterAdd C:\Users\ashis\AppData\Roaming\npm-cache\pako\1.0.11\package\package.json written
413 silly install resolved [
413 silly install resolved   {
413 silly install resolved     name: 'pako',
413 silly install resolved     description: 'zlib port to javascript - fast, modularized, with browser support',
413 silly install resolved     version: '1.0.11',
413 silly install resolved     keywords: [ 'zlib', 'deflate', 'inflate', 'gzip' ],
413 silly install resolved     homepage: 'https://github.com/nodeca/pako',
413 silly install resolved     contributors: [ [Object], [Object], [Object], [Object], [Object], [Object] ],
413 silly install resolved     license: '(MIT AND Zlib)',
413 silly install resolved     repository: { type: 'git', url: 'git+https://github.com/nodeca/pako.git' },
413 silly install resolved     scripts: { test: 'make test' },
413 silly install resolved     devDependencies: {
413 silly install resolved       ansi: '^0.3.1',
413 silly install resolved       benchmark: '^2.1.4',
413 silly install resolved       browserify: '^16.2.3',
413 silly install resolved       'buffer-from': '^1.1.1',
413 silly install resolved       eslint: '^5.9.0',
413 silly install resolved       istanbul: '^0.4.5',
413 silly install resolved       mocha: '^5.2.0',
413 silly install resolved       multiparty: '^4.1.3',
413 silly install resolved       ndoc: '^5.0.1',
413 silly install resolved       'uglify-js': '=3.4.8',
413 silly install resolved       zlibjs: '^0.3.1'
413 silly install resolved     },
413 silly install resolved     dependencies: {},
413 silly install resolved     gitHead: 'a718e4f6e5ce87b0964d8f84541d92a23263365b',
413 silly install resolved     bugs: { url: 'https://github.com/nodeca/pako/issues' },
413 silly install resolved     _id: 'pako@1.0.11',
413 silly install resolved     _nodeVersion: '12.14.1',
413 silly install resolved     _npmVersion: '6.13.4',
413 silly install resolved     dist: {
413 silly install resolved       integrity: 'sha512-4hLB8Py4zZce5s4yd9XzopqwVv/yGNhV1Bl8NTmCq1763HeK2+EwVTv+leGeL13Dnh2wfbqowVPXCIO0z4taYw==',
413 silly install resolved       shasum: '6c9599d340d54dfd3946380252a35705a6b992bf',
413 silly install resolved       tarball: 'https://registry.npmjs.org/pako/-/pako-1.0.11.tgz',
413 silly install resolved       fileCount: 27,
413 silly install resolved       unpackedSize: 788283,
413 silly install resolved       'npm-signature': '-----BEGIN PGP SIGNATURE-----\r\n' +
413 silly install resolved         'Version: OpenPGP.js v3.0.4\r\n' +
413 silly install resolved         'Comment: https://openpgpjs.org\r\n' +
413 silly install resolved         '\r\n' +
413 silly install resolved         'wsFcBAEBCAAQBQJeMThCCRA9TVsSAnZWagAAUokQAIXP/sogHkcjaJDsXEm4\n' +
413 silly install resolved         'xwCJ6+XRKT706p/6wpHxglDgR9ea47MeHXc4+M6orKXFVUFaN/DIDTDnfNC0\n' +
413 silly install resolved         'rzuwOxcLs3OkA32xpiEq15U6MDIqv8vUuVUL8tR5Gr24H3z4ie4P0VBuJ5F5\n' +
413 silly install resolved         'zCEEi7/hfMxyaqxSh/SkH5bJemQhJRUekFOW3vYxqAM3665ZNCXkuYWcE1jy\n' +
413 silly install resolved         'NMPTDvX4EkeLDCxPLIRWjwmEUrhXj14NKy6bQSBoGGivVP+SXP9TVUFk46p7\n' +
413 silly install resolved         '6mTHxJeLJqHitjTRUsSQjl060u8C9gP3Fcmbt4eEMJyAGFajz0Sc8HKUQkM0\n' +
413 silly install resolved         'oC9JY8anTgWXTxAX8UkVsm42sWI6oyQe1poAa85+L72PZLJJeamvVFNeJoqd\n' +
413 silly install resolved         'dWJpTj1Ak1cNxxul4DPi3F1I2LQXU3RyKUEHE8Vl8ZFTRwZdeVGQD/gms3D9\n' +
413 silly install resolved         '28hyagU/02x+Wy3Z4NzLIBhB7p9MEsZd3HVDF2tEs1SnLTSp1AdNwtnyHJaD\n' +
413 silly install resolved         'eEln3zjVs5SIxfgNiJR9ycD/CmZpV1YGtLDPBFWM8XN2u6YaoxZ+VZI6390A\n' +
413 silly install resolved         'JTrKW9u/nu7DlT839v/GTOKpmt6yGPCfm0jKywVQGhyWq8WlZF5EZENm5ilA\n' +
413 silly install resolved         'Z0QvGDTUSkv93idyYXDXunBQT3qx9SqVGeaBXdeQCCLOJt/knizQJTYfjgOa\n' +
413 silly install resolved         'Ro6X\r\n' +
413 silly install resolved         '=Ndry\r\n' +
413 silly install resolved         '-----END PGP SIGNATURE-----\r\n',
413 silly install resolved       signatures: [Array]
413 silly install resolved     },
413 silly install resolved     maintainers: [ [Object] ],
413 silly install resolved     _npmUser: { name: 'vitaly', email: 'vitaly@rcdesign.ru' },
413 silly install resolved     directories: {},
413 silly install resolved     _npmOperationalInternal: {
413 silly install resolved       host: 's3://npm-registry-packages',
413 silly install resolved       tmp: 'tmp/pako_1.0.11_1580283969487_0.1408742612529914'
413 silly install resolved     },
413 silly install resolved     _hasShrinkwrap: false,
413 silly install resolved     _shasum: '6c9599d340d54dfd3946380252a35705a6b992bf',
413 silly install resolved     _resolved: 'https://registry.npmjs.org/pako/-/pako-1.0.11.tgz',
413 silly install resolved     _from: 'pako@>=1.0.5 <1.1.0'
413 silly install resolved   }
413 silly install resolved ]
414 info install pako@1.0.11 into C:\Users\ashis\OneDrive\Desktop\MERN-Summer-PEP\Day19_20\node_modules\browserify-zlib
415 info installOne pako@1.0.11
416 verbose installOne of pako to C:\Users\ashis\OneDrive\Desktop\MERN-Summer-PEP\Day19_20\node_modules\browserify-zlib not in flight; installing
417 verbose correctMkdir C:\Users\ashis\AppData\Roaming\npm-cache\_locks correctMkdir not in flight; initializing
418 verbose lock using C:\Users\ashis\AppData\Roaming\npm-cache\_locks\pako-618b976fc8553a75.lock for C:\Users\ashis\OneDrive\Desktop\MERN-Summer-PEP\Day19_20\node_modules\browserify-zlib\node_modules\pako
419 silly install write writing pako 1.0.11 to C:\Users\ashis\OneDrive\Desktop\MERN-Summer-PEP\Day19_20\node_modules\browserify-zlib\node_modules\pako
420 verbose unbuild node_modules\browserify-zlib\node_modules\pako
421 silly gentlyRm C:\Users\ashis\OneDrive\Desktop\MERN-Summer-PEP\Day19_20\node_modules\browserify-zlib\node_modules\pako is being purged from base C:\Users\ashis\OneDrive\Desktop\MERN-Summer-PEP\Day19_20
422 verbose gentlyRm don't care about contents; nuking C:\Users\ashis\OneDrive\Desktop\MERN-Summer-PEP\Day19_20\node_modules\browserify-zlib\node_modules\pako
423 verbose tar unpack C:\Users\ashis\AppData\Roaming\npm-cache\pako\1.0.11\package.tgz
424 verbose tar unpacking to C:\Users\ashis\OneDrive\Desktop\MERN-Summer-PEP\Day19_20\node_modules\browserify-zlib\node_modules\pako
425 silly gentlyRm C:\Users\ashis\OneDrive\Desktop\MERN-Summer-PEP\Day19_20\node_modules\browserify-zlib\node_modules\pako is being purged
426 verbose gentlyRm don't care about contents; nuking C:\Users\ashis\OneDrive\Desktop\MERN-Summer-PEP\Day19_20\node_modules\browserify-zlib\node_modules\pako
427 silly gunzTarPerm modes [ '777', '666' ]
428 silly gunzTarPerm extractEntry LICENSE
429 silly gunzTarPerm modified mode [ 'LICENSE', 420, 438 ]
430 silly gunzTarPerm extractEntry lib/zlib/README
431 silly gunzTarPerm modified mode [ 'lib/zlib/README', 420, 438 ]
432 silly gunzTarPerm extractEntry lib/zlib/adler32.js
433 silly gunzTarPerm modified mode [ 'lib/zlib/adler32.js', 420, 438 ]
434 silly gunzTarPerm extractEntry lib/utils/common.js
435 silly gunzTarPerm modified mode [ 'lib/utils/common.js', 420, 438 ]
436 silly gunzTarPerm extractEntry lib/zlib/constants.js
437 silly gunzTarPerm modified mode [ 'lib/zlib/constants.js', 420, 438 ]
438 silly gunzTarPerm extractEntry lib/zlib/crc32.js
439 silly gunzTarPerm modified mode [ 'lib/zlib/crc32.js', 420, 438 ]
440 silly gunzTarPerm extractEntry lib/deflate.js
441 silly gunzTarPerm modified mode [ 'lib/deflate.js', 420, 438 ]
442 silly gunzTarPerm extractEntry lib/zlib/deflate.js
443 silly gunzTarPerm modified mode [ 'lib/zlib/deflate.js', 420, 438 ]
444 silly gunzTarPerm extractEntry lib/zlib/gzheader.js
445 silly gunzTarPerm modified mode [ 'lib/zlib/gzheader.js', 420, 438 ]
446 silly gunzTarPerm extractEntry index.js
447 silly gunzTarPerm modified mode [ 'index.js', 420, 438 ]
448 silly gunzTarPerm extractEntry lib/zlib/inffast.js
449 silly gunzTarPerm modified mode [ 'lib/zlib/inffast.js', 420, 438 ]
450 silly gunzTarPerm extractEntry lib/inflate.js
451 silly gunzTarPerm modified mode [ 'lib/inflate.js', 420, 438 ]
452 silly gunzTarPerm extractEntry lib/zlib/inflate.js
453 silly gunzTarPerm modified mode [ 'lib/zlib/inflate.js', 420, 438 ]
454 silly gunzTarPerm extractEntry lib/zlib/inftrees.js
455 silly gunzTarPerm modified mode [ 'lib/zlib/inftrees.js', 420, 438 ]
456 silly gunzTarPerm extractEntry lib/zlib/messages.js
457 silly gunzTarPerm modified mode [ 'lib/zlib/messages.js', 420, 438 ]
458 silly gunzTarPerm extractEntry dist/pako_deflate.js
459 silly gunzTarPerm modified mode [ 'dist/pako_deflate.js', 436, 438 ]
460 silly gunzTarPerm extractEntry dist/pako_deflate.min.js
461 silly gunzTarPerm modified mode [ 'dist/pako_deflate.min.js', 436, 438 ]
462 silly gunzTarPerm extractEntry dist/pako_inflate.js
463 silly gunzTarPerm modified mode [ 'dist/pako_inflate.js', 436, 438 ]
464 silly gunzTarPerm extractEntry dist/pako_inflate.min.js
465 silly gunzTarPerm modified mode [ 'dist/pako_inflate.min.js', 436, 438 ]
466 silly gunzTarPerm extractEntry dist/pako.js
467 silly gunzTarPerm modified mode [ 'dist/pako.js', 436, 438 ]
468 silly gunzTarPerm extractEntry dist/pako.min.js
469 silly gunzTarPerm modified mode [ 'dist/pako.min.js', 436, 438 ]
470 silly gunzTarPerm extractEntry lib/utils/strings.js
471 silly gunzTarPerm modified mode [ 'lib/utils/strings.js', 420, 438 ]
472 silly gunzTarPerm extractEntry lib/zlib/trees.js
473 silly gunzTarPerm modified mode [ 'lib/zlib/trees.js', 420, 438 ]
474 silly gunzTarPerm extractEntry lib/zlib/zstream.js
475 silly gunzTarPerm modified mode [ 'lib/zlib/zstream.js', 420, 438 ]
476 silly gunzTarPerm extractEntry package.json
477 silly gunzTarPerm modified mode [ 'package.json', 420, 438 ]
478 silly gunzTarPerm extractEntry CHANGELOG.md
479 silly gunzTarPerm modified mode [ 'CHANGELOG.md', 420, 438 ]
480 silly gunzTarPerm extractEntry README.md
481 silly gunzTarPerm modified mode [ 'README.md', 420, 438 ]
482 verbose write writing to C:\Users\ashis\OneDrive\Desktop\MERN-Summer-PEP\Day19_20\node_modules\browserify-zlib\node_modules\pako\package.json
483 info preinstall pako@1.0.11
484 verbose readDependencies loading dependencies from C:\Users\ashis\OneDrive\Desktop\MERN-Summer-PEP\Day19_20\node_modules\browserify-zlib\node_modules\pako\package.json
485 verbose readDependencies loading dependencies from C:\Users\ashis\OneDrive\Desktop\MERN-Summer-PEP\Day19_20\node_modules\browserify-zlib\node_modules\pako\package.json
486 silly install resolved []
487 verbose about to build C:\Users\ashis\OneDrive\Desktop\MERN-Summer-PEP\Day19_20\node_modules\browserify-zlib\node_modules\pako
488 info build C:\Users\ashis\OneDrive\Desktop\MERN-Summer-PEP\Day19_20\node_modules\browserify-zlib\node_modules\pako
489 info linkStuff pako@1.0.11
490 silly linkStuff pako@1.0.11 has C:\Users\ashis\OneDrive\Desktop\MERN-Summer-PEP\Day19_20\node_modules\browserify-zlib\node_modules as its parent node_modules
491 verbose linkBins pako@1.0.11
492 verbose linkMans pako@1.0.11
493 verbose rebuildBundles pako@1.0.11
494 info install pako@1.0.11
495 info postinstall pako@1.0.11
496 verbose unlock done using C:\Users\ashis\AppData\Roaming\npm-cache\_locks\pako-618b976fc8553a75.lock for C:\Users\ashis\OneDrive\Desktop\MERN-Summer-PEP\Day19_20\node_modules\browserify-zlib\node_modules\pako
497 verbose about to build C:\Users\ashis\OneDrive\Desktop\MERN-Summer-PEP\Day19_20\node_modules\browserify-zlib
498 info build C:\Users\ashis\OneDrive\Desktop\MERN-Summer-PEP\Day19_20\node_modules\browserify-zlib
499 info linkStuff browserify-zlib@0.2.0
500 silly linkStuff browserify-zlib@0.2.0 has C:\Users\ashis\OneDrive\Desktop\MERN-Summer-PEP\Day19_20\node_modules as its parent node_modules
501 verbose linkBins browserify-zlib@0.2.0
502 verbose linkMans browserify-zlib@0.2.0
503 verbose rebuildBundles browserify-zlib@0.2.0
504 verbose rebuildBundles [ 'pako' ]
505 info install browserify-zlib@0.2.0
506 info postinstall browserify-zlib@0.2.0
507 verbose unlock done using C:\Users\ashis\AppData\Roaming\npm-cache\_locks\browserify-zlib-6c3c2634b17bc0af.lock for C:\Users\ashis\OneDrive\Desktop\MERN-Summer-PEP\Day19_20\node_modules\browserify-zlib
508 verbose validateInstall loading C:\Users\ashis\OneDrive\Desktop\MERN-Summer-PEP\Day19_20\package.json for validation
509 verbose stack Error: The package svgo@2.8.0 does not satisfy its siblings' peerDependencies requirements!
509 verbose stack     at C:\Users\ashis\node_modules\npm\lib\install.js:125:32
509 verbose stack     at C:\Users\ashis\node_modules\npm\lib\install.js:268:7
509 verbose stack     at C:\Users\ashis\node_modules\npm\node_modules\read-installed\read-installed.js:142:5
509 verbose stack     at C:\Users\ashis\node_modules\npm\node_modules\read-installed\read-installed.js:263:14
509 verbose stack     at cb (C:\Users\ashis\node_modules\npm\node_modules\slide\lib\async-map.js:47:24)
509 verbose stack     at C:\Users\ashis\node_modules\npm\node_modules\read-installed\read-installed.js:263:14
509 verbose stack     at cb (C:\Users\ashis\node_modules\npm\node_modules\slide\lib\async-map.js:47:24)
509 verbose stack     at C:\Users\ashis\node_modules\npm\node_modules\read-installed\read-installed.js:263:14
509 verbose stack     at cb (C:\Users\ashis\node_modules\npm\node_modules\slide\lib\async-map.js:47:24)
509 verbose stack     at C:\Users\ashis\node_modules\npm\node_modules\read-installed\read-installed.js:263:14
510 verbose cwd C:\Users\ashis\OneDrive\Desktop\MERN-Summer-PEP\Day19_20
511 error Windows_NT 10.0.22631
512 error argv "C:\\Program Files\\nodejs\\node.exe" "C:\\Users\\ashis\\node_modules\\npm\\bin\\npm-cli.js" "install" "--json" "--save-dev" "browserify-zlib@^0.2.0"
513 error node v20.11.0
514 error npm  v2.15.12
515 error code EPEERINVALID
516 error peerinvalid The package svgo@2.8.0 does not satisfy its siblings' peerDependencies requirements!
516 error peerinvalid Peer htmlnano@2.1.1 wants svgo@^3.0.2
517 verbose exit [ 1, true ]
